[2007/07/30 16:44:10] Starting simon...
[2007/07/30 16:44:10] Reading commands from commands.xml
[2007/07/30 16:44:10] Initializing XML file "conf/commands.xml"
[2007/07/30 16:44:10] Opening display ":0.0"
[2007/07/30 16:44:10] XTest for server ":0.0" is version 2.2
[2007/07/30 16:44:10] Grabbing display control
[2007/07/30 16:44:10] Syncing Display
[2007/07/30 16:44:10] Creating systray icon (Simon)
[2007/07/30 16:44:11] Reading wordlist consisting of 
[2007/07/30 16:44:11] 		Lexicon: model/lexicon,
[2007/07/30 16:44:11] 		Vocabulary: model/model.voca,
[2007/07/30 16:44:11] 		Prompts: model/prompts
[2007/07/30 16:44:11] Reading vocab from model/model.voca
[2007/07/30 16:44:11] Parsing promptsfile from model/prompts
[2007/07/30 16:44:11] Opening output file at model/lexicon
[2007/07/30 16:44:12] Wordlist created
[2007/07/30 16:44:12] Reading commands from commands.xml
[2007/07/30 16:44:12] Initializing XML file "conf/commands.xml"
[2007/07/30 16:44:13] Reading trainingtexts at "texts/"
[2007/07/30 16:44:13] Initializing XML file "texts/testimport.xml"
[2007/07/30 16:44:13] Berechne Nutzen des Textes "TestTraining" (texts/testimport.xml)
[2007/07/30 16:44:13] Initializing XML file "texts/text00.xml"
[2007/07/30 16:44:13] Berechne Nutzen des Textes "Der kleine Riese feiert Geburtstag" (texts/text00.xml)
[2007/07/30 16:44:13] Loading settings
[2007/07/30 16:44:13] Getting list of available input devices
[2007/07/30 16:44:13] Returning available channels of device ""
[2007/07/30 16:44:13] Returning available channels of device ""
[2007/07/30 16:44:13] Determining samplerate of device ""
[2007/07/30 16:44:13] Returning available channels of device "hw:I82801DBICH4,0"
[2007/07/30 16:44:13] Returning available channels of device "hw:I82801DBICH4,0"
[2007/07/30 16:44:13] Determining samplerate of device "hw:I82801DBICH4,0"
[2007/07/30 16:44:13] Getting list of available output devices
[2007/07/30 16:44:13] Returning available channels of device "hw:I82801DBICH4,0"
[2007/07/30 16:44:13] Returning available channels of device "hw:I82801DBICH4,0"
[2007/07/30 16:44:13] Determining samplerate of device "hw:I82801DBICH4,0"
[2007/07/30 16:44:18] Shutting down...
