This file contains any messages produced by compilers while
running configure, to aid debugging if configure makes a mistake.

configure:713: checking host system type
configure:735: checking host specific optimization flag
configure:751: checking for gcc
configure:864: checking whether the C compiler (gcc -O6 -fomit-frame-pointer ) works
configure:880: gcc -o conftest -O6 -fomit-frame-pointer   conftest.c  1>&5
configure:906: checking whether the C compiler (gcc -O6 -fomit-frame-pointer ) is a cross-compiler
configure:911: checking whether we are using GNU C
configure:939: checking whether gcc accepts -g
configure:971: checking how to run the C preprocessor
configure:1063: checking for a BSD compatible install
configure:1118: checking for rm
configure:1153: checking for ar
configure:1188: checking for ranlib
configure:1217: checking for ANSI C header files
configure:1324: checking for unistd.h
configure:1362: checking whether byte ordering is bigendian
configure:1452: checking for working const
configure:1527: checking for socklen_t
configure:1538: gcc -c -O6 -fomit-frame-pointer  conftest.c 1>&5
configure:1554: checking for gethostbyname
configure:1649: checking for connect
configure:1746: checking for strcasecmp
configure:1801: checking for sleep
configure:1865: checking for alsa/asoundlib.h
configure:1949: checking for sys/soundcard.h
configure:2033: checking for esd.h
configure:2540: checking for DatLink/NetAudio support
configure:2554: gcc -E  -Iauto/include conftest.c >/dev/null 2>conftest.out
configure:2550:22: error: netaudio.h: No such file or directory
configure: failed program was:
#line 2549 "configure"
#include "confdefs.h"
#include <netaudio.h>
configure:2579: checking for deflate in -lz
configure:2617: checking for zlib.h
configure:2719: checking for sf_open in -lsndfile
configure:2757: checking for sndfile.h
