The system is: Linux - 2.6.27-gentoo - x86_64
Compiling the C compiler identification source file "CMakeCCompilerId.c" succeeded.
Compiler: /usr/lib64/ccache/bin/gcc 
Build flags: 
Id flags: 

The output was:
0


Compilation of the C compiler identification source "CMakeCCompilerId.c" produced "a.out"

The C compiler identification is GNU, found in "/home/bedahr/Daten/simon/svn/trunk/julius/gramtools/mkdfa/mkfa-1.44-flex/build/CMakeFiles/CompilerIdC/a.out"

Compiling the CXX compiler identification source file "CMakeCXXCompilerId.cpp" succeeded.
Compiler: /usr/lib64/ccache/bin/c++ 
Build flags: 
Id flags: 

The output was:
0
CMakeCXXCompilerId.cpp:67: warning: deprecated conversion from string constant to ‘char*’
CMakeCXXCompilerId.cpp:151: warning: deprecated conversion from string constant to ‘char*’


Compilation of the CXX compiler identification source "CMakeCXXCompilerId.cpp" produced "a.out"

The CXX compiler identification is GNU, found in "/home/bedahr/Daten/simon/svn/trunk/julius/gramtools/mkdfa/mkfa-1.44-flex/build/CMakeFiles/CompilerIdCXX/a.out"

Determining if the C compiler works passed with the following output:
Change Dir: /home/bedahr/Daten/simon/svn/trunk/julius/gramtools/mkdfa/mkfa-1.44-flex/build/CMakeFiles/CMakeTmp

Run Build Command:/usr/bin/gmake "cmTryCompileExec/fast"
/usr/bin/gmake -f CMakeFiles/cmTryCompileExec.dir/build.make CMakeFiles/cmTryCompileExec.dir/build
gmake[1]: Entering directory `/home/bedahr/Daten/simon/svn/trunk/julius/gramtools/mkdfa/mkfa-1.44-flex/build/CMakeFiles/CMakeTmp'
/usr/bin/cmake -E cmake_progress_report /home/bedahr/Daten/simon/svn/trunk/julius/gramtools/mkdfa/mkfa-1.44-flex/build/CMakeFiles/CMakeTmp/CMakeFiles 1
Building C object CMakeFiles/cmTryCompileExec.dir/testCCompiler.c.o
/usr/lib64/ccache/bin/gcc    -o CMakeFiles/cmTryCompileExec.dir/testCCompiler.c.o   -c /home/bedahr/Daten/simon/svn/trunk/julius/gramtools/mkdfa/mkfa-1.44-flex/build/CMakeFiles/CMakeTmp/testCCompiler.c
Linking C executable cmTryCompileExec
/usr/bin/cmake -E cmake_link_script CMakeFiles/cmTryCompileExec.dir/link.txt --verbose=1
/usr/lib64/ccache/bin/gcc       -fPIC CMakeFiles/cmTryCompileExec.dir/testCCompiler.c.o  -o cmTryCompileExec -rdynamic 
gmake[1]: Leaving directory `/home/bedahr/Daten/simon/svn/trunk/julius/gramtools/mkdfa/mkfa-1.44-flex/build/CMakeFiles/CMakeTmp'


Detecting C compiler ABI info compiled with the following output:
Change Dir: /home/bedahr/Daten/simon/svn/trunk/julius/gramtools/mkdfa/mkfa-1.44-flex/build/CMakeFiles/CMakeTmp

Run Build Command:/usr/bin/gmake "cmTryCompileExec/fast"
/usr/bin/gmake -f CMakeFiles/cmTryCompileExec.dir/build.make CMakeFiles/cmTryCompileExec.dir/build
gmake[1]: Entering directory `/home/bedahr/Daten/simon/svn/trunk/julius/gramtools/mkdfa/mkfa-1.44-flex/build/CMakeFiles/CMakeTmp'
/usr/bin/cmake -E cmake_progress_report /home/bedahr/Daten/simon/svn/trunk/julius/gramtools/mkdfa/mkfa-1.44-flex/build/CMakeFiles/CMakeTmp/CMakeFiles 1
Building C object CMakeFiles/cmTryCompileExec.dir/CMakeCCompilerABI.c.o
/usr/lib64/ccache/bin/gcc    -o CMakeFiles/cmTryCompileExec.dir/CMakeCCompilerABI.c.o   -c /usr/share/cmake/Modules/CMakeCCompilerABI.c
Linking C executable cmTryCompileExec
/usr/bin/cmake -E cmake_link_script CMakeFiles/cmTryCompileExec.dir/link.txt --verbose=1
/usr/lib64/ccache/bin/gcc       -fPIC CMakeFiles/cmTryCompileExec.dir/CMakeCCompilerABI.c.o  -o cmTryCompileExec -rdynamic 
gmake[1]: Leaving directory `/home/bedahr/Daten/simon/svn/trunk/julius/gramtools/mkdfa/mkfa-1.44-flex/build/CMakeFiles/CMakeTmp'


Determining if the CXX compiler works passed with the following output:
Change Dir: /home/bedahr/Daten/simon/svn/trunk/julius/gramtools/mkdfa/mkfa-1.44-flex/build/CMakeFiles/CMakeTmp

Run Build Command:/usr/bin/gmake "cmTryCompileExec/fast"
/usr/bin/gmake -f CMakeFiles/cmTryCompileExec.dir/build.make CMakeFiles/cmTryCompileExec.dir/build
gmake[1]: Entering directory `/home/bedahr/Daten/simon/svn/trunk/julius/gramtools/mkdfa/mkfa-1.44-flex/build/CMakeFiles/CMakeTmp'
/usr/bin/cmake -E cmake_progress_report /home/bedahr/Daten/simon/svn/trunk/julius/gramtools/mkdfa/mkfa-1.44-flex/build/CMakeFiles/CMakeTmp/CMakeFiles 1
Building CXX object CMakeFiles/cmTryCompileExec.dir/testCXXCompiler.cxx.o
/usr/lib64/ccache/bin/c++     -o CMakeFiles/cmTryCompileExec.dir/testCXXCompiler.cxx.o -c /home/bedahr/Daten/simon/svn/trunk/julius/gramtools/mkdfa/mkfa-1.44-flex/build/CMakeFiles/CMakeTmp/testCXXCompiler.cxx
Linking CXX executable cmTryCompileExec
/usr/bin/cmake -E cmake_link_script CMakeFiles/cmTryCompileExec.dir/link.txt --verbose=1
/usr/lib64/ccache/bin/c++        -fPIC CMakeFiles/cmTryCompileExec.dir/testCXXCompiler.cxx.o  -o cmTryCompileExec -rdynamic 
gmake[1]: Leaving directory `/home/bedahr/Daten/simon/svn/trunk/julius/gramtools/mkdfa/mkfa-1.44-flex/build/CMakeFiles/CMakeTmp'


Detecting CXX compiler ABI info compiled with the following output:
Change Dir: /home/bedahr/Daten/simon/svn/trunk/julius/gramtools/mkdfa/mkfa-1.44-flex/build/CMakeFiles/CMakeTmp

Run Build Command:/usr/bin/gmake "cmTryCompileExec/fast"
/usr/bin/gmake -f CMakeFiles/cmTryCompileExec.dir/build.make CMakeFiles/cmTryCompileExec.dir/build
gmake[1]: Entering directory `/home/bedahr/Daten/simon/svn/trunk/julius/gramtools/mkdfa/mkfa-1.44-flex/build/CMakeFiles/CMakeTmp'
/usr/bin/cmake -E cmake_progress_report /home/bedahr/Daten/simon/svn/trunk/julius/gramtools/mkdfa/mkfa-1.44-flex/build/CMakeFiles/CMakeTmp/CMakeFiles 1
Building CXX object CMakeFiles/cmTryCompileExec.dir/CMakeCXXCompilerABI.cpp.o
/usr/lib64/ccache/bin/c++     -o CMakeFiles/cmTryCompileExec.dir/CMakeCXXCompilerABI.cpp.o -c /usr/share/cmake/Modules/CMakeCXXCompilerABI.cpp
Linking CXX executable cmTryCompileExec
/usr/bin/cmake -E cmake_link_script CMakeFiles/cmTryCompileExec.dir/link.txt --verbose=1
/usr/lib64/ccache/bin/c++        -fPIC CMakeFiles/cmTryCompileExec.dir/CMakeCXXCompilerABI.cpp.o  -o cmTryCompileExec -rdynamic 
gmake[1]: Leaving directory `/home/bedahr/Daten/simon/svn/trunk/julius/gramtools/mkdfa/mkfa-1.44-flex/build/CMakeFiles/CMakeTmp'


